[00:16:12] [main/INFO] [JMLogger] JourneyMap log initialized.
[00:16:12] [main/INFO] [JourneymapClient] initialize ENTER
[00:16:12] [main/ERROR] [JMLogger] Default theme not found in C:\Users\Dave\Documents\Curse\Minecraft\Instances\Balance Craft\journeymap\icon\theme\flat\OceanMonument.theme2.json: OceanMonument (SUPPRESSED)
[00:16:12] [main/WARN] [PropertiesBase] core (Initialized) Bad configField entry during updateFrom(): optionsManagerViewed=null
[00:16:12] [main/WARN] [PropertiesBase] core (Initialized) Bad configField entry during updateFrom(): splashViewed=null
[00:16:13] [Client thread/INFO] [?] Version: JourneyMap 1.12.2-5.5.2, built with Forge 14.23.0.2491
Forge: 14.23.0.2544
Environment: os.name, os.arch, java.version, user.country, user.language=null, game language=en_us, locale=en_us
Features: 
	RadarPlayers : singleplayer = true , multiplayer = true
	RadarAnimals : singleplayer = true , multiplayer = true
	RadarMobs : singleplayer = true , multiplayer = true
	RadarVillagers : singleplayer = true , multiplayer = true
	MapTopo : singleplayer = true , multiplayer = true
	MapSurface : singleplayer = true , multiplayer = true
	MapCaves : singleplayer = true , multiplayer = true
MiniMapProperties{state=Valid, file=journeymap.minimap.config, configVersion=5.5.2, zoomLevel=0, showPlayers=true, frameAlpha=100, compassFontScale=1, terrainAlpha=100, showEntityNames=true, enabled=true, showPlayerHeading=true, showVillagers=true, info2Label=Game Time, sizePercent=30, showDayNight=true, info3Label=Location, showMobs=true, showPets=true, preferredMapType=night, showCompass=true, mobDisplay=Small Dots, showReticle=true, orientation=North, shape=Circle, showSelf=true, info4Label=Biome, locationFormat=xzyv, playerDisplay=Small Dots, showGrid=true, reticleOrientation=Compass, showWaypoints=true, showCaves=true, showAnimals=true, showMobHeading=true, showWaypointLabels=true, locationFormatVerbose=true, position=Top Right, info1Label=Blank, fontScale=1}
MiniMapProperties{state=Valid, file=journeymap.minimap2.config, configVersion=5.5.2, zoomLevel=0, showPlayers=true, frameAlpha=100, compassFontScale=1, terrainAlpha=100, showEntityNames=true, enabled=true, showPlayerHeading=true, showVillagers=true, info2Label=Game Time, sizePercent=30, showDayNight=true, info3Label=Location, showMobs=true, showPets=true, preferredMapType=day, showCompass=true, mobDisplay=Small Dots, showReticle=true, orientation=North, shape=Rectangle, showSelf=true, info4Label=Biome, locationFormat=xzyv, playerDisplay=Small Dots, showGrid=true, reticleOrientation=Compass, showWaypoints=true, showCaves=true, showAnimals=true, showMobHeading=true, showWaypointLabels=true, locationFormatVerbose=true, position=Top Right, info1Label=Blank, fontScale=1}
FullMapProperties{state=Valid, file=journeymap.fullmap.config, configVersion=5.5.2, mobDisplay=Small Dots, zoomLevel=0, showPlayers=true, showSelf=true, locationFormat=xzyv, playerDisplay=Small Dots, showGrid=true, showEntityNames=true, showPlayerHeading=true, showVillagers=true, showWaypoints=true, showCaves=true, showAnimals=true, showMobHeading=true, showKeys=true, showWaypointLabels=true, locationFormatVerbose=true, showMobs=true, showPets=true, fontScale=1, preferredMapType=day}
WaypointProperties{state=Valid, file=journeymap.waypoint.config, configVersion=5.5.2, createDeathpoints=true, showName=true, maxDistance=0, autoHideLabel=true, showStaticBeam=true, minDistance=4, boldLabel=false, textureSmall=true, showDistance=true, showRotatingBeam=true, fontScale=2, showTexture=true, managerEnabled=true, beaconEnabled=true}
WebMapProperties{state=Valid, file=journeymap.webmap.config, configVersion=5.5.2, zoomLevel=0, showWaypoints=true, showCaves=true, showSelf=true, port=8080, showGrid=true, showEntityNames=true, enabled=false, googleMapApiDomain=.com, preferredMapType=day}
CoreProperties{state=Valid, file=journeymap.core.config, configVersion=5.5.2, verboseColorPalette=false, maxPlayersData=32, mapSurfaceAboveCaves=true, optionsManagerViewed=null, announceMod=true, colorPassive=#bbbbbb, renderOverlayEventTypeName=ALL, mapBlendWater=false, renderDistanceSurfaceMax=7, radarVerticalDistance=16, mapBlendGrass=true, recordCacheStats=false, hideSneakingEntities=true, revealShape=Circle, alwaysMapSurface=false, colorVillager=#88e188, mapPlants=false, colorPet=#0077ff, radarLateralDistance=64, mapBathymetry=false, mapCrops=true, maxMobsData=32, mapPlantShadows=false, alwaysMapCaves=false, checkUpdates=true, browserPoll=2000, mapBlendFoliage=true, mappingEnabled=true, colorPlayer=#ffffff, tileHighDisplayQuality=true, cacheVillagersData=2200, logLevel=INFO, maxVillagersData=32, maxAnimalsData=32, mapTransparency=true, tileRenderType=1, caveIgnoreGlass=true, mapTopography=true, renderDistanceCaveMax=3, mapAntialiasing=true, colorSelf=#0000ff, cachePlayersData=2000, cacheMobsData=3000, cachePlayerData=1000, splashViewed=null, colorHostile=#ff0000, cacheAnimalsData=3100, themeName=OceanMonument, mapCaveLighting=true, renderDelay=2, renderOverlayPreEvent=true, autoMapPoll=2000}
[00:16:13] [main/INFO] [ClientAPI] [ClientAPI] built with JourneyMap API 1.4
[00:16:13] [main/INFO] [PluginHelper] Initializing plugins with Client API: journeymap.client.api.impl.ClientAPI
[00:16:13] [main/INFO] [PluginHelper] Initialized IClientPlugin: com.feed_the_beast.ftbu.integration.JMIntegration
[00:16:13] [main/INFO] [JourneymapClient] initialize EXIT, elapsed count 0 avg ?ms
[00:16:13] [main/TRACE] [LoadController] Sent event FMLInitializationEvent to mod journeymap
[00:16:13] [main/TRACE] [LoadController] Sending event IMCEvent to mod journeymap
[00:16:13] [main/TRACE] [LoadController] Sent event IMCEvent to mod journeymap
[00:16:13] [main/TRACE] [LoadController] Sending event FMLPostInitializationEvent to mod journeymap
[00:16:13] [main/DEBUG] [JourneymapClient] postInitialize ENTER
[00:16:13] [main/DEBUG] [EventHandlerManager] Handler registered: journeymap.client.forge.event.KeyEventHandler
[00:16:13] [main/DEBUG] [EventHandlerManager] Handler registered: journeymap.client.forge.event.ChatEventHandler
[00:16:13] [main/DEBUG] [EventHandlerManager] Handler registered: journeymap.client.forge.event.StateTickHandler
[00:16:13] [main/DEBUG] [EventHandlerManager] Handler registered: journeymap.client.forge.event.WorldEventHandler
[00:16:13] [main/DEBUG] [EventHandlerManager] Handler registered: journeymap.client.forge.event.WaypointBeaconHandler
[00:16:13] [main/DEBUG] [EventHandlerManager] Handler registered: journeymap.client.forge.event.TextureAtlasHandler
[00:16:13] [main/DEBUG] [EventHandlerManager] Handler registered: journeymap.client.forge.event.MiniMapOverlayHandler
[00:16:13] [main/DEBUG] [EventHandlerManager] Handler registered: journeymap.client.world.ChunkMonitor
[00:16:13] [main/ERROR] [FileHandler] Couldn't locate icons for Default: C:\Users\Dave\Documents\Curse\Minecraft\Instances\Balance%20Craft\mods\journeymap-1.12.2-5.5.2.jar\assets\journeymap\icon\entity
[00:16:13] [main/INFO] [IconSetFileHandler] Added entity icons from journeymap:icon/entity. Success: false
[00:16:13] [main/TRACE] [ThemeLoader] Initializing themes ...
[00:16:13] [main/ERROR] [FileHandler] Couldn't locate icons for flat: C:\Users\Dave\Documents\Curse\Minecraft\Instances\Balance%20Craft\mods\journeymap-1.12.2-5.5.2.jar\assets\journeymap\theme\flat
[00:16:13] [main/INFO] [ThemeLoader] Preloaded theme textures: 0
[00:16:13] [main/DEBUG] [JourneymapClient] postInitialize EXIT, elapsed§8 count §r1§8 avg §r215.3§8ms§r
[00:16:13] [JM-VersionCheck-1/ERROR] [VersionCheck$1] Could not check version URL
com.google.gson.JsonSyntaxException: com.google.gson.stream.MalformedJsonException: Use JsonReader.setLenient(true) to accept malformed JSON at line 2 column 2 path $
	at com.google.gson.JsonParser.parse(JsonParser.java:65) ~[JsonParser.class:?]
	at com.google.gson.JsonParser.parse(JsonParser.java:45) ~[JsonParser.class:?]
	at journeymap.common.version.VersionCheck$1.run(VersionCheck.java:134) [VersionCheck$1.class:1.12.2-5.5.2]
	at java.util.concurrent.Executors$RunnableAdapter.call(Unknown Source) [?:1.8.0_121]
	at java.util.concurrent.FutureTask.run(Unknown Source) [?:1.8.0_121]
	at java.util.concurrent.ThreadPoolExecutor.runWorker(Unknown Source) [?:1.8.0_121]
	at java.util.concurrent.ThreadPoolExecutor$Worker.run(Unknown Source) [?:1.8.0_121]
	at java.lang.Thread.run(Unknown Source) [?:1.8.0_121]
Caused by: com.google.gson.stream.MalformedJsonException: Use JsonReader.setLenient(true) to accept malformed JSON at line 2 column 2 path $
	at com.google.gson.stream.JsonReader.syntaxError(JsonReader.java:1559) ~[JsonReader.class:?]
	at com.google.gson.stream.JsonReader.checkLenient(JsonReader.java:1401) ~[JsonReader.class:?]
	at com.google.gson.stream.JsonReader.doPeek(JsonReader.java:542) ~[JsonReader.class:?]
	at com.google.gson.stream.JsonReader.peek(JsonReader.java:425) ~[JsonReader.class:?]
	at com.google.gson.JsonParser.parse(JsonParser.java:60) ~[JsonParser.class:?]
	... 7 more
[00:16:27] [main/WARN] [PropertiesBase] core (Initialized) Bad configField entry during updateFrom(): optionsManagerViewed=null
[00:16:27] [main/WARN] [PropertiesBase] core (Initialized) Bad configField entry during updateFrom(): splashViewed=null
[00:16:27] [main/INFO] [TopoRenderer] Loading journeymap.topo.config
[00:16:27] [main/INFO] [WaypointStore] Loaded 1 waypoints from C:\Users\Dave\Documents\Curse\Minecraft\Instances\Balance Craft\journeymap\data\sp\New World\waypoints
[00:16:27] [main/INFO] [JourneymapClient] Mapping started in C:\Users\Dave\Documents\Curse\Minecraft\Instances\Balance Craft\journeymap\data\sp\New World\DIM0. Memory: 2338MB total, 1341MB free 
[00:16:36] [main/INFO] [ChatLog] JourneyMap: Press [J]
[00:17:28] [main/INFO] [JourneymapClient] Mapping halted in C:\Users\Dave\Documents\Curse\Minecraft\Instances\Balance Craft\journeymap\data\sp\New World\DIM0
[00:17:35] [main/WARN] [PropertiesBase] core (Initialized) Bad configField entry during updateFrom(): optionsManagerViewed=null
[00:17:35] [main/WARN] [PropertiesBase] core (Initialized) Bad configField entry during updateFrom(): splashViewed=null
[00:17:35] [main/INFO] [TopoRenderer] Loading journeymap.topo.config
[00:17:35] [main/INFO] [WaypointStore] Loaded 0 waypoints from C:\Users\Dave\Documents\Curse\Minecraft\Instances\Balance Craft\journeymap\data\sp\No Op\waypoints
[00:17:35] [main/INFO] [JourneymapClient] Mapping started in C:\Users\Dave\Documents\Curse\Minecraft\Instances\Balance Craft\journeymap\data\sp\No Op\DIM0. Memory: 2497MB total, 1969MB free 
[00:21:35] [JM-task-6/INFO] [TopoRenderer] Loading journeymap.topo.config
[00:21:52] [JM-task-6/INFO] [MapRegionTask] Potential chunks to map in RegionCoord [-1,1]: 555 of 1024
[00:21:52] [main/INFO] [ChatLog] JourneyMap: Auto-mapping surface (16.7%).
[00:21:52] [JM-task-6/INFO] [MapRegionTask] Actual chunks mapped in RegionCoord [-1,1]: 555 
[00:21:52] [JM-task-6/INFO] [MapRegionTask] Memory usage at 36%
[00:21:52] [JM-task-6/INFO] [MapRegionTask] Potential chunks to map in RegionCoord [-2,1]: 124 of 1024
[00:21:53] [JM-task-6/INFO] [MapRegionTask] Actual chunks mapped in RegionCoord [-2,1]: 124 
[00:21:53] [JM-task-6/INFO] [MapRegionTask] Memory usage at 13%
[00:21:53] [main/INFO] [ChatLog] JourneyMap: Auto-mapping surface (33.3%).
[00:21:54] [JM-task-6/INFO] [MapRegionTask] Potential chunks to map in RegionCoord [-1,0]: 371 of 1024
[00:21:54] [main/INFO] [ChatLog] JourneyMap: Auto-mapping surface (50%).
[00:21:54] [JM-task-6/INFO] [MapRegionTask] Actual chunks mapped in RegionCoord [-1,0]: 371 
[00:21:54] [JM-task-6/INFO] [MapRegionTask] Memory usage at 32%
[00:21:55] [JM-task-6/INFO] [MapRegionTask] Potential chunks to map in RegionCoord [-2,0]: 232 of 1024
[00:21:55] [JM-task-6/INFO] [MapRegionTask] Actual chunks mapped in RegionCoord [-2,0]: 232 
[00:21:55] [JM-task-6/INFO] [MapRegionTask] Memory usage at 14%
[00:21:55] [main/INFO] [ChatLog] JourneyMap: Auto-mapping surface (66.7%).
[00:21:56] [JM-task-6/INFO] [MapRegionTask] Potential chunks to map in RegionCoord [-3,1]: 60 of 1024
[00:21:56] [JM-task-6/INFO] [MapRegionTask] Actual chunks mapped in RegionCoord [-3,1]: 60 
[00:21:56] [JM-task-6/INFO] [MapRegionTask] Memory usage at 18%
[00:21:56] [main/INFO] [ChatLog] JourneyMap: Auto-mapping surface (83.3%).
[00:21:57] [JM-task-6/INFO] [MapRegionTask] Potential chunks to map in RegionCoord [-3,0]: 231 of 1024
[00:21:57] [JM-task-6/INFO] [MapRegionTask] Actual chunks mapped in RegionCoord [-3,0]: 231 
[00:21:57] [JM-task-6/INFO] [MapRegionTask] Memory usage at 31%
[00:21:57] [main/INFO] [ChatLog] JourneyMap: Auto-mapping surface (100%).
[00:21:58] [main/INFO] [ChatLog] JourneyMap: Auto-mapping of surface has stopped.
[00:22:15] [JM-task-6/INFO] [MapRegionTask] Potential chunks to map in RegionCoord [-1,1]: 555 of 1024
[00:22:15] [main/INFO] [ChatLog] JourneyMap: Auto-mapping surface (16.7%).
[00:22:15] [JM-task-6/INFO] [MapRegionTask] Actual chunks mapped in RegionCoord [-1,1]: 555 
[00:22:15] [JM-task-6/INFO] [MapRegionTask] Memory usage at 31%
[00:22:16] [JM-task-6/INFO] [MapRegionTask] Potential chunks to map in RegionCoord [-2,1]: 124 of 1024
[00:22:16] [JM-task-6/INFO] [MapRegionTask] Actual chunks mapped in RegionCoord [-2,1]: 124 
[00:22:16] [JM-task-6/INFO] [MapRegionTask] Memory usage at 38%
[00:22:16] [main/INFO] [ChatLog] JourneyMap: Auto-mapping surface (33.3%).
[00:22:17] [JM-task-6/INFO] [MapRegionTask] Potential chunks to map in RegionCoord [-1,0]: 371 of 1024
[00:22:17] [main/INFO] [ChatLog] JourneyMap: Auto-mapping surface (50%).
[00:22:17] [JM-task-6/INFO] [MapRegionTask] Actual chunks mapped in RegionCoord [-1,0]: 371 
[00:22:17] [JM-task-6/INFO] [MapRegionTask] Memory usage at 26%
[00:22:18] [JM-task-6/INFO] [MapRegionTask] Potential chunks to map in RegionCoord [-2,0]: 232 of 1024
[00:22:18] [JM-task-6/INFO] [MapRegionTask] Actual chunks mapped in RegionCoord [-2,0]: 232 
[00:22:18] [JM-task-6/INFO] [MapRegionTask] Memory usage at 39%
[00:22:18] [main/INFO] [ChatLog] JourneyMap: Auto-mapping surface (66.7%).
[00:22:19] [JM-task-6/INFO] [MapRegionTask] Potential chunks to map in RegionCoord [-3,1]: 60 of 1024
[00:22:19] [JM-task-6/INFO] [MapRegionTask] Actual chunks mapped in RegionCoord [-3,1]: 60 
[00:22:19] [JM-task-6/INFO] [MapRegionTask] Memory usage at 11%
[00:22:19] [main/INFO] [ChatLog] JourneyMap: Auto-mapping surface (83.3%).
[00:22:20] [JM-task-6/INFO] [MapRegionTask] Potential chunks to map in RegionCoord [-3,0]: 231 of 1024
[00:22:20] [JM-task-6/INFO] [MapRegionTask] Actual chunks mapped in RegionCoord [-3,0]: 231 
[00:22:20] [JM-task-6/INFO] [MapRegionTask] Memory usage at 24%
[00:22:20] [main/INFO] [ChatLog] JourneyMap: Auto-mapping surface (100%).
[00:22:21] [main/INFO] [ChatLog] JourneyMap: Auto-mapping of surface has stopped.
[00:22:22] [JM-task-6/INFO] [TopoRenderer] Loading journeymap.topo.config
[00:22:26] [main/INFO] [JourneymapClient] Mapping halted in C:\Users\Dave\Documents\Curse\Minecraft\Instances\Balance Craft\journeymap\data\sp\No Op\DIM0
